<?xml version="1.0" encoding="UTF-8"?>
<!-- Generated by org.testng.reporters.JUnitXMLReporter -->
<testsuite ignored="0" hostname="AliErdem" failures="0" tests="4" name="Default test" time="4.078" errors="0" timestamp="2019-09-25T12:41:38 MSK">
  <testcase classname="tests.ApiTest" name="checkReleased" time="3.118"/>
  <testcase classname="tests.ApiTest" name="checkStatusCode" time="0.303"/>
  <testcase classname="tests.ApiTest" name="checkTitle" time="0.258"/>
  <testcase classname="tests.ApiTest" name="checkYear" time="0.304"/>
</testsuite> <!-- Default test -->
