<?xml version="1.0" encoding="UTF-8"?>
<testng-results ignored="0" total="4" passed="4" failed="0" skipped="0">
  <reporter-output>
  </reporter-output>
  <suite started-at="2019-09-25T12:41:34 MSK" name="Default suite" finished-at="2019-09-25T12:41:38 MSK" duration-ms="4078">
    <groups>
    </groups>
    <test started-at="2019-09-25T12:41:34 MSK" name="Default test" finished-at="2019-09-25T12:41:38 MSK" duration-ms="4078">
      <class name="tests.ApiTest">
        <test-method signature="checkReleased()[pri:0, instance:tests.ApiTest@6cce16f4]" started-at="2019-09-25T12:41:34 MSK" name="checkReleased" finished-at="2019-09-25T12:41:37 MSK" duration-ms="3118" status="PASS">
          <reporter-output>
          </reporter-output>
        </test-method> <!-- checkReleased -->
        <test-method signature="checkStatusCode()[pri:0, instance:tests.ApiTest@6cce16f4]" started-at="2019-09-25T12:41:37 MSK" name="checkStatusCode" finished-at="2019-09-25T12:41:37 MSK" duration-ms="303" status="PASS">
          <reporter-output>
          </reporter-output>
        </test-method> <!-- checkStatusCode -->
        <test-method signature="checkTitle()[pri:0, instance:tests.ApiTest@6cce16f4]" started-at="2019-09-25T12:41:38 MSK" name="checkTitle" finished-at="2019-09-25T12:41:38 MSK" duration-ms="258" status="PASS">
          <reporter-output>
          </reporter-output>
        </test-method> <!-- checkTitle -->
        <test-method signature="checkYear()[pri:0, instance:tests.ApiTest@6cce16f4]" started-at="2019-09-25T12:41:38 MSK" name="checkYear" finished-at="2019-09-25T12:41:38 MSK" duration-ms="304" status="PASS">
          <reporter-output>
          </reporter-output>
        </test-method> <!-- checkYear -->
      </class> <!-- tests.ApiTest -->
    </test> <!-- Default test -->
  </suite> <!-- Default suite -->
</testng-results>
